<?xml version="1.0" encoding="UTF-8"?>
<!-- Generated by org.testng.reporters.JUnitReportReporter -->
<testsuite hostname="DESKTOP-75UUAN9" failures="0" tests="1" name="payload.Sampletest" time="0.019" errors="0" timestamp="2025-06-08T15:05:12 IST" skipped="0">
  <testcase classname="payload.Sampletest" name="test1" time="0.019"/>
</testsuite> <!-- payload.Sampletest -->
