<?xml version="1.0" encoding="UTF-8"?>
<!-- Generated by org.testng.reporters.JUnitReportReporter -->
<testsuite hostname="DESKTOP-75UUAN9" failures="0" tests="1" name="payload.POJA_Deserialization" time="5.975" errors="0" timestamp="2025-06-08T15:02:00 IST" skipped="0">
  <testcase classname="payload.POJA_Deserialization" name="testDeserialization" time="5.975"/>
</testsuite> <!-- payload.POJA_Deserialization -->
